<?xml version="1.0" encoding="UTF-8"?>
<!-- Generated by org.testng.reporters.JUnitReportReporter -->
<testsuite hostname="macbook-MacBook-Pro.local" failures="0" tests="3" name="TestNgDemo" time="0.023" errors="0" timestamp="2020-01-11T14:07:07 EST" skipped="0">
  <testcase classname="TestNgDemo" name="testTree" time="0.008"/>
  <testcase classname="TestNgDemo" name="testTwo" time="0.004"/>
  <testcase classname="TestNgDemo" name="testOne" time="0.011"/>
</testsuite> <!-- TestNgDemo -->
