<?xml version="1.0" encoding="UTF-8"?>
<!-- Generated by org.testng.reporters.JUnitReportReporter -->
<testsuite hostname="macbook-MacBook-Pro.local" failures="0" tests="1" name="TestThree" time="0.009" errors="0" timestamp="2020-01-14T00:36:50 EST" skipped="0">
  <testcase classname="TestThree" name="test1" time="0.009"/>
</testsuite> <!-- TestThree -->
