<?xml version="1.0" encoding="UTF-8"?>
<!-- Generated by org.testng.reporters.JUnitReportReporter -->
<testsuite hostname="macbook-MacBook-Pro.local" failures="0" tests="1" name="DifrentAnnotations" time="0.007" errors="0" timestamp="2020-01-11T14:22:49 EST" skipped="0">
  <testcase classname="DifrentAnnotations" name="test" time="0.007"/>
</testsuite> <!-- DifrentAnnotations -->
