<?xml version="1.0" encoding="UTF-8"?>
<!-- Generated by org.testng.reporters.JUnitReportReporter -->
<testsuite hostname="macbook-MacBook-Pro.local" failures="0" tests="5" name="com.januaary14.HW" time="66.905" errors="0" timestamp="2020-01-17T08:02:14 EST" skipped="0">
  <testcase classname="com.januaary14.HW" name="addemployee" time="13.750"/>
  <testcase classname="com.januaary14.HW" name="addemployee" time="13.583"/>
  <testcase classname="com.januaary14.HW" name="addemployee" time="12.431"/>
  <testcase classname="com.januaary14.HW" name="addemployee" time="13.121"/>
  <testcase classname="com.januaary14.HW" name="addemployee" time="14.020"/>
</testsuite> <!-- com.januaary14.HW -->
