<?xml version="1.0" encoding="UTF-8"?>
<!-- Generated by org.testng.reporters.JUnitReportReporter -->
<testsuite hostname="macbook-MacBook-Pro.local" failures="0" tests="1" name="com.Test1.LoginPageTest" time="4.510" errors="0" timestamp="2020-01-19T09:02:33 EST" skipped="0">
  <testcase classname="com.Test1.LoginPageTest" name="negativeAdminLogin" time="4.510"/>
</testsuite> <!-- com.Test1.LoginPageTest -->
