<?xml version="1.0" encoding="UTF-8"?>
<!-- Generated by org.testng.reporters.JUnitReportReporter -->
<testsuite hostname="macbook-MacBook-Pro.local" failures="0" tests="2" name="com.January12.AssertionsDemo" time="6.449" errors="0" timestamp="2020-01-14T03:12:10 EST" skipped="0">
  <testcase classname="com.January12.AssertionsDemo" name="titleValidation" time="2.084"/>
  <testcase classname="com.January12.AssertionsDemo" name="logoValidation" time="4.365"/>
</testsuite> <!-- com.January12.AssertionsDemo -->
