<?xml version="1.0" encoding="UTF-8"?>
<!-- Generated by org.testng.reporters.JUnitReportReporter -->
<testsuite hostname="macbook-MacBook-Pro.local" failures="0" tests="1" name="com.Test2.LogoutfromAllPagesTest" time="20.997" errors="0" timestamp="2020-01-19T09:02:33 EST" skipped="0">
  <testcase classname="com.Test2.LogoutfromAllPagesTest" name="outFromTimesheet" time="20.997"/>
</testsuite> <!-- com.Test2.LogoutfromAllPagesTest -->
