<?xml version="1.0" encoding="UTF-8"?>
<!-- Generated by org.testng.reporters.JUnitReportReporter -->
<testsuite hostname="macbook-MacBook-Pro.local" failures="0" tests="2" name="com.January14.HW" time="4.705" errors="0" timestamp="2020-01-13T23:51:55 EST" skipped="1">
  <testcase classname="com.January14.HW" name="validationOfMessage" time="4.705"/>
  <testcase classname="com.January14.HW" name="validationOfLogo">
    <skipped/>
  </testcase> <!-- validationOfLogo -->
</testsuite> <!-- com.January14.HW -->
