<?xml version="1.0" encoding="UTF-8"?>
<!-- Generated by org.testng.reporters.JUnitReportReporter -->
<testsuite hostname="macbook-MacBook-Pro.local" failures="0" tests="3" name="TestDemoTwo" time="0.035" errors="0" timestamp="2020-01-11T14:08:44 EST" skipped="0">
  <testcase classname="TestDemoTwo" name="testTree" time="0.003"/>
  <testcase classname="TestDemoTwo" name="testTwo" time="0.004"/>
  <testcase classname="TestDemoTwo" name="testOne" time="0.028"/>
</testsuite> <!-- TestDemoTwo -->
