<?xml version="1.0" encoding="UTF-8"?>
<!-- Generated by org.testng.reporters.JUnitReportReporter -->
<testsuite hostname="macbook-MacBook-Pro.local" failures="0" tests="4" name="testcases.OutFromEachPageTest" time="32.543" errors="0" timestamp="2020-01-30T17:43:05 EST" skipped="0">
  <testcase classname="testcases.OutFromEachPageTest" name="outFromDirectory" time="7.838"/>
  <testcase classname="testcases.OutFromEachPageTest" name="outFromAddEmploye" time="7.930"/>
  <testcase classname="testcases.OutFromEachPageTest" name="outFromDashBoard" time="8.833"/>
  <testcase classname="testcases.OutFromEachPageTest" name="outFromTimesheet" time="7.942"/>
</testsuite> <!-- testcases.OutFromEachPageTest -->
