<?xml version="1.0" encoding="UTF-8"?>
<!-- Generated by org.testng.reporters.JUnitReportReporter -->
<testsuite hostname="macbook-MacBook-Pro.local" failures="0" tests="6" name="testcases.LoginPageTest" time="27.778" errors="0" timestamp="2020-01-30T17:43:05 EST" skipped="0">
  <testcase classname="testcases.LoginPageTest" name="negativeLogin" time="3.574"/>
  <testcase classname="testcases.LoginPageTest" name="mainPageLoaded" time="2.262"/>
  <testcase classname="testcases.LoginPageTest" name="multipleLogin" time="6.371"/>
  <testcase classname="testcases.LoginPageTest" name="multipleLogin" time="6.603"/>
  <testcase classname="testcases.LoginPageTest" name="multipleLogin" time="6.562"/>
  <testcase classname="testcases.LoginPageTest" name="loginLogoPresent" time="2.406"/>
</testsuite> <!-- testcases.LoginPageTest -->
