<?xml version="1.0" encoding="UTF-8"?>
<!-- Generated by org.testng.reporters.JUnitReportReporter -->
<testsuite hostname="macbook-MacBook-Pro.local" failures="0" tests="1" name="com.practice.Testing" time="0.012" errors="0" timestamp="2020-01-19T09:15:47 EST" skipped="0">
  <testcase classname="com.practice.Testing" name="testing" time="0.012"/>
</testsuite> <!-- com.practice.Testing -->
